Сборка начата 16.12.2021 15:21:56.
Уровень детализации журнала: Normal.     1>Проект "C:\Users\User\Desktop\универ\CourseWork\BVD_2021\BVD_2021.vcxproj" в узле 2 (целевые объекты Build).
     1>PrepareForBuild:
         Создание каталога "Debug\BVD_2021.tlog\".
       InitializeBuildStatus:
         Создание "Debug\BVD_2021.tlog\unsuccessfulbuild", так как было задано "AlwaysCreate".
       ClCompile:
         C:\Program Files (x86)\Microsoft Visual Studio\2019\Community\VC\Tools\MSVC\14.29.30133\bin\HostX86\x86\CL.exe /c /ZI /JMC /nologo /W3 /WX- /diagnostics:column /sdl /Od /Oy- /D WIN32 /D _DEBUG /D _CONSOLE /D _UNICODE /D UNICODE /Gm- /EHsc /RTC1 /MDd /GS /fp:precise /permissive- /Zc:wchar_t /Zc:forScope /Zc:inline /Fo"Debug\\" /Fd"Debug\vc142.pdb" /external:W3 /Gd /TP /analyze- /FC /errorReport:prompt BVD_2021.cpp CodeGenerator.cpp Error.cpp FST.cpp GRB.cpp In.cpp IT.cpp Log.cpp LT.cpp MFST.cpp Out.cpp Parm.cpp Semantics.cpp
         BVD_2021.cpp
         CodeGenerator.cpp
         Error.cpp
         FST.cpp
     1>C:\Users\User\Desktop\универ\CourseWork\BVD_2021\FST.cpp(67,37): warning C4267: инициализация: преобразование из "size_t" в "short"; возможна потеря данных
         GRB.cpp
         In.cpp
     1>C:\Users\User\Desktop\универ\CourseWork\BVD_2021\In.cpp(19,16): warning C4244: инициализация: преобразование "std::streamoff" в "int", возможна потеря данных
         IT.cpp
         Log.cpp
         LT.cpp
         MFST.cpp
     1>C:\Users\User\Desktop\универ\CourseWork\BVD_2021\MFST.cpp(73,12): warning C4101: rbuf: неиспользованная локальная переменная
     1>C:\Users\User\Desktop\универ\CourseWork\BVD_2021\MFST.cpp(74,12): warning C4101: sbuf: неиспользованная локальная переменная
     1>C:\Users\User\Desktop\универ\CourseWork\BVD_2021\MFST.cpp(72,12): warning C4101: lbuf: неиспользованная локальная переменная
     1>C:\Users\User\Desktop\универ\CourseWork\BVD_2021\MFST.cpp(100,10): warning C4101: sbuf: неиспользованная локальная переменная
     1>C:\Users\User\Desktop\универ\CourseWork\BVD_2021\MFST.cpp(100,21): warning C4101: lbuf: неиспользованная локальная переменная
     1>C:\Users\User\Desktop\универ\CourseWork\BVD_2021\MFST.cpp(144,9): warning C4101: rbuf: неиспользованная локальная переменная
     1>C:\Users\User\Desktop\универ\CourseWork\BVD_2021\MFST.cpp(144,31): warning C4101: sbuf: неиспользованная локальная переменная
     1>C:\Users\User\Desktop\универ\CourseWork\BVD_2021\MFST.cpp(144,20): warning C4101: lbuf: неиспользованная локальная переменная
     1>C:\Users\User\Desktop\универ\CourseWork\BVD_2021\MFST.cpp(260,68): warning C4267: =: преобразование из "size_t" в "short"; возможна потеря данных
         Out.cpp
         Parm.cpp
         Semantics.cpp
         Создание кода...
       Link:
         C:\Program Files (x86)\Microsoft Visual Studio\2019\Community\VC\Tools\MSVC\14.29.30133\bin\HostX86\x86\link.exe /ERRORREPORT:PROMPT /OUT:"C:\Users\User\Desktop\универ\CourseWork\BVD_2021\Debug\BVD_2021.exe" /INCREMENTAL /ILK:"Debug\BVD_2021.ilk" /NOLOGO kernel32.lib user32.lib gdi32.lib winspool.lib comdlg32.lib advapi32.lib shell32.lib ole32.lib oleaut32.lib uuid.lib odbc32.lib odbccp32.lib /MANIFEST /MANIFESTUAC:"level='asInvoker' uiAccess='false'" /manifest:embed /DEBUG /PDB:"C:\Users\User\Desktop\универ\CourseWork\BVD_2021\Debug\BVD_2021.pdb" /SUBSYSTEM:CONSOLE /TLBID:1 /DYNAMICBASE /NXCOMPAT /IMPLIB:"C:\Users\User\Desktop\универ\CourseWork\BVD_2021\Debug\BVD_2021.lib" /MACHINE:X86 Debug\BVD_2021.obj
         Debug\CodeGenerator.obj
         Debug\Error.obj
         Debug\FST.obj
         Debug\GRB.obj
         Debug\In.obj
         Debug\IT.obj
         Debug\Log.obj
         Debug\LT.obj
         Debug\MFST.obj
         Debug\Out.obj
         Debug\Parm.obj
         Debug\Semantics.obj
         BVD_2021.vcxproj -> C:\Users\User\Desktop\универ\CourseWork\BVD_2021\Debug\BVD_2021.exe
       FinalizeBuildStatus:
         Файл "Debug\BVD_2021.tlog\unsuccessfulbuild" удаляется.
         Обращение к "Debug\BVD_2021.tlog\BVD_2021.lastbuildstate".
     1>Сборка проекта "C:\Users\User\Desktop\универ\CourseWork\BVD_2021\BVD_2021.vcxproj" завершена (целевые объекты Build).

Сборка успешно завершена.

       "C:\Users\User\Desktop\универ\CourseWork\BVD_2021\BVD_2021.vcxproj" (целевой объект Build ) (1) ->
       (Целевой объект ClCompile) -> 
         C:\Users\User\Desktop\универ\CourseWork\BVD_2021\FST.cpp(67,37): warning C4267: инициализация: преобразование из "size_t" в "short"; возможна потеря данных
         C:\Users\User\Desktop\универ\CourseWork\BVD_2021\In.cpp(19,16): warning C4244: инициализация: преобразование "std::streamoff" в "int", возможна потеря данных
         C:\Users\User\Desktop\универ\CourseWork\BVD_2021\MFST.cpp(73,12): warning C4101: rbuf: неиспользованная локальная переменная
         C:\Users\User\Desktop\универ\CourseWork\BVD_2021\MFST.cpp(74,12): warning C4101: sbuf: неиспользованная локальная переменная
         C:\Users\User\Desktop\универ\CourseWork\BVD_2021\MFST.cpp(72,12): warning C4101: lbuf: неиспользованная локальная переменная
         C:\Users\User\Desktop\универ\CourseWork\BVD_2021\MFST.cpp(100,10): warning C4101: sbuf: неиспользованная локальная переменная
         C:\Users\User\Desktop\универ\CourseWork\BVD_2021\MFST.cpp(100,21): warning C4101: lbuf: неиспользованная локальная переменная
         C:\Users\User\Desktop\универ\CourseWork\BVD_2021\MFST.cpp(144,9): warning C4101: rbuf: неиспользованная локальная переменная
         C:\Users\User\Desktop\универ\CourseWork\BVD_2021\MFST.cpp(144,31): warning C4101: sbuf: неиспользованная локальная переменная
         C:\Users\User\Desktop\универ\CourseWork\BVD_2021\MFST.cpp(144,20): warning C4101: lbuf: неиспользованная локальная переменная
         C:\Users\User\Desktop\универ\CourseWork\BVD_2021\MFST.cpp(260,68): warning C4267: =: преобразование из "size_t" в "short"; возможна потеря данных

    Предупреждений: 11
    Ошибок: 0

Прошло времени 00:00:08.45
