c:\users\user\desktop\универ\coursework\bvd_2021\debug\vc142.pdb
c:\users\user\desktop\универ\coursework\bvd_2021\debug\vc142.idb
c:\users\user\desktop\универ\coursework\bvd_2021\debug\semantics.obj
c:\users\user\desktop\универ\coursework\bvd_2021\debug\parm.obj
c:\users\user\desktop\универ\coursework\bvd_2021\debug\out.obj
c:\users\user\desktop\универ\coursework\bvd_2021\debug\mfst.obj
c:\users\user\desktop\универ\coursework\bvd_2021\debug\lt.obj
c:\users\user\desktop\универ\coursework\bvd_2021\debug\log.obj
c:\users\user\desktop\универ\coursework\bvd_2021\debug\it.obj
c:\users\user\desktop\универ\coursework\bvd_2021\debug\in.obj
c:\users\user\desktop\универ\coursework\bvd_2021\debug\grb.obj
c:\users\user\desktop\универ\coursework\bvd_2021\debug\fst.obj
c:\users\user\desktop\универ\coursework\bvd_2021\debug\error.obj
c:\users\user\desktop\универ\coursework\bvd_2021\debug\codegenerator.obj
c:\users\user\desktop\универ\coursework\bvd_2021\debug\bvd_2021.obj
c:\users\user\desktop\универ\coursework\bvd_2021\debug\bvd_2021.exe
c:\users\user\desktop\универ\coursework\bvd_2021\debug\bvd_2021.ilk
c:\users\user\desktop\универ\coursework\bvd_2021\debug\bvd_2021.pdb
c:\users\user\desktop\универ\coursework\bvd_2021\debug\bvd_2021.tlog\cl.command.1.tlog
c:\users\user\desktop\универ\coursework\bvd_2021\debug\bvd_2021.tlog\cl.read.1.tlog
c:\users\user\desktop\универ\coursework\bvd_2021\debug\bvd_2021.tlog\cl.write.1.tlog
c:\users\user\desktop\универ\coursework\bvd_2021\debug\bvd_2021.tlog\link.command.1.tlog
c:\users\user\desktop\универ\coursework\bvd_2021\debug\bvd_2021.tlog\link.read.1.tlog
c:\users\user\desktop\универ\coursework\bvd_2021\debug\bvd_2021.tlog\link.write.1.tlog
