--- Протокол  --- Дата: 16.12.2021 18:34:14 ---
--- Параметры ---
-in : in.txt
-out: in.txt.out
-log: in.txt.log
--- Исходные данные ---
Количество символов: 334
Проигнорировано:     0
Количество строк:    40
Лексический анализатор завершил свою работу успешно.
Таблица лексем:
1 ti(ti,ti)
2 {
3 ?i+i
4 {
5 ri;
6 }
7 :
8 {
9 ri;
10 }
11 rl;
12 }
13 
14 
15 
16 ti(ti)
17 {
18 i=l;
19 rl;
20 }
21 
22 
23 m
24 {
25 ti;
26 ti;
27 i=l;
28 ti;
29 ti;
30 i=i(l,l);
31 ?i>l
32 {
33 pl;
34 }
35 pl;
36 
37 rl;
38 }
Таблица идентификаторов:
IDX  ID                              SCOPE/VALUE                     IDTYPE          IDDATATYPE      
----------------------------------------------------------------------------------------------------
0    strcompare                      GENER                           function        int
---------------------------------------------------------------------------------------------------
1    _str1                           strcompare                      parameter       string
---------------------------------------------------------------------------------------------------
2    _str2                           strcompare                      parameter       string
---------------------------------------------------------------------------------------------------
3    strlength                       GENER                           function        int
---------------------------------------------------------------------------------------------------
4    _str                            strlength                       parameter       string
---------------------------------------------------------------------------------------------------
5    max                             GENER                           function        int
---------------------------------------------------------------------------------------------------
6    x                               max                             parameter       int
---------------------------------------------------------------------------------------------------
7    y                               max                             parameter       int
---------------------------------------------------------------------------------------------------
8    LIT                             0                               literal         int
---------------------------------------------------------------------------------------------------
9    strffunction                    GENER                           function        string
---------------------------------------------------------------------------------------------------
10   x                               strffunction                    parameter       string
---------------------------------------------------------------------------------------------------
11   LIT                             dsasd                           literal         string
---------------------------------------------------------------------------------------------------
12   LIT                                                             literal         string
---------------------------------------------------------------------------------------------------
13   main                            GENER                           function        int
---------------------------------------------------------------------------------------------------
14   z                               main                            varuable        int
---------------------------------------------------------------------------------------------------
15   x                               main                            varuable        int
---------------------------------------------------------------------------------------------------
16   LIT                             2147483647                      literal         int
---------------------------------------------------------------------------------------------------
17   sa                              main                            varuable        string
---------------------------------------------------------------------------------------------------
18   sb                              main                            varuable        string
---------------------------------------------------------------------------------------------------
19   LIT                             1                               literal         int
---------------------------------------------------------------------------------------------------
20   LIT                             -5                              literal         int
---------------------------------------------------------------------------------------------------
21   LIT                             Welcome to BVD-2021!            literal         string
---------------------------------------------------------------------------------------------------
22   LIT                             r                               literal         char
---------------------------------------------------------------------------------------------------
Синтаксический анализатор завершил свою работу успешно.
Дерево разбора:
0   : S->ti(F){NrE;}S     
3   : F->ti,F             
6   : F->ti               
10  : N->?C{L}:{L}        
11  : C->iT               
12  : T->+E               
13  : E->i                
15  : L->rE;              
16  : E->i                
21  : L->rE;              
22  : E->i                
26  : E->l                
29  : S->ti(F){NrE;}S     
32  : F->ti               
36  : N->i=E;             
38  : E->l                
41  : E->l                
44  : S->m{NrE;}          
46  : N->ti;N             
49  : N->ti;N             
52  : N->i=E;N            
54  : E->l                
56  : N->ti;N             
59  : N->ti;N             
62  : N->i=E;N            
64  : E->i(W)             
66  : W->l,W              
68  : W->l                
71  : N->?C{L}N           
72  : C->iT               
73  : T->>E               
74  : E->l                
76  : L->pE;              
77  : E->l                
80  : N->pE;              
81  : E->l                
84  : E->l                
Семантический анализатор завершил свою работу успешно.
Генератор кода завершил свою работу успешно.